<?xml version="1.0" encoding="UTF-8"?>
<!-- Generated by org.testng.reporters.JUnitXMLReporter -->
<testsuite hostname="SRA1-PC" ignored="0" name="Test" tests="4" failures="0" timestamp="29 May 2020 01:58:44 GMT" time="34.487" errors="0">
  <testcase name="TC1_calculateMortgageWithIntegerValues" time="3.512" classname="org.nyiso.tests.MortgageCalculator"/>
  <testcase name="TC2_calculateMortgageWithDoubleValues" time="3.418" classname="org.nyiso.tests.MortgageCalculator"/>
  <testcase name="TC3_calculateMortgageWithZeroMortgageAmount" time="2.399" classname="org.nyiso.tests.MortgageCalculator"/>
  <testcase name="TC4_calculateMortgageWithZeroInterestRate" time="2.169" classname="org.nyiso.tests.MortgageCalculator"/>
</testsuite> <!-- Test -->
