<?xml version="1.0" encoding="UTF-8"?>
<!-- Generated by org.testng.reporters.JUnitXMLReporter -->
<testsuite hostname="SRA1-PC" ignored="0" name="Default test" tests="4" failures="0" timestamp="2020-05-28T15:46:50 EDT" time="21.209" errors="0">
  <testcase name="TC1_calculateMortgageWithIntegerValues" time="1.319" classname="org.nyiso.tests.MortgageCalculator"/>
  <testcase name="TC2_calculateMortgageWithDoubleValues" time="2.008" classname="org.nyiso.tests.MortgageCalculator"/>
  <testcase name="TC3_calculateMortgageWithZeroMortgageAmount" time="1.227" classname="org.nyiso.tests.MortgageCalculator"/>
  <testcase name="TC4_calculateMortgageWithZeroInterestRate" time="1.274" classname="org.nyiso.tests.MortgageCalculator"/>
</testsuite> <!-- Default test -->
