<?xml version="1.0" encoding="UTF-8"?>
<!-- Generated by org.testng.reporters.JUnitXMLReporter -->
<testsuite hostname="SRA1-PC" ignored="0" name="Test" tests="3" failures="0" timestamp="2020-05-28T13:51:48 EDT" time="24.614" errors="0">
  <testcase name="TC1_calculateMortgageWithIntegerValues" time="5.964" classname="org.nyiso.tests.MortgageCalculator"/>
  <testcase name="TC2_calculateMortgageWithDoubleValues" time="6.392" classname="org.nyiso.tests.MortgageCalculator"/>
  <testcase name="TC3_calculateMortgageWithIntegerValues1" time="3.492" classname="org.nyiso.tests.MortgageCalculator"/>
</testsuite> <!-- Test -->
